<?xml version="1.0" encoding="UTF-8"?>
<robot generator="Robot 4.0.3 (Python 3.9.5 on win32)" generated="20210615 21:53:36.953" rpa="false" schemaversion="2">
<suite id="s1" name="Exemplo Variaveis" source="C:\Users\MarcosBraga\Desktop\Prime Experts - Codigos\tests\exemplo_variaveis.robot">
<test id="s1-t1" name="Cenario: Meu teste Soma">
<kw name="Somar dois números &quot;55&quot; e &quot;44&quot;" sourcename="Somar dois números &quot;${NUM_A}&quot; e &quot;${NUM_B}&quot;">
<var>${RESULTADO}</var>
<kw name="Evaluate" library="BuiltIn">
<var>${SOMA}</var>
<arg>${NUM_A}+${NUM_B}</arg>
<doc>Evaluates the given expression in Python and returns the result.</doc>
<msg timestamp="20210615 21:53:36.984" level="INFO">${SOMA} = 99</msg>
<status status="PASS" starttime="20210615 21:53:36.984" endtime="20210615 21:53:36.984"/>
</kw>
<msg timestamp="20210615 21:53:36.984" level="INFO">${RESULTADO} = 99</msg>
<status status="PASS" starttime="20210615 21:53:36.984" endtime="20210615 21:53:36.984"/>
</kw>
<kw name="Log To Console" library="BuiltIn">
<arg>${RESULTADO}</arg>
<doc>Logs the given message to the console.</doc>
<status status="PASS" starttime="20210615 21:53:36.985" endtime="20210615 21:53:36.985"/>
</kw>
<tag>SOMA_2</tag>
<status status="PASS" starttime="20210615 21:53:36.982" endtime="20210615 21:53:36.985"/>
</test>
<doc>Aqui estarão presentes todos os exercícios do Prime Experts
focado em Imersão com Robot Framework</doc>
<status status="PASS" starttime="20210615 21:53:36.955" endtime="20210615 21:53:36.987"/>
</suite>
<statistics>
<total>
<stat pass="1" fail="0" skip="0">All Tests</stat>
</total>
<tag>
<stat pass="1" fail="0" skip="0">SOMA_2</stat>
</tag>
<suite>
<stat pass="1" fail="0" skip="0" id="s1" name="Exemplo Variaveis">Exemplo Variaveis</stat>
</suite>
</statistics>
<errors>
</errors>
</robot>
